<?xml version="1.0" encoding="UTF-8"?>
<robot generator="Robot 4.1.2 (Python 3.9.4 on win32)" generated="20211114 18:10:35.670" rpa="false" schemaversion="2">
<suite id="s1" name="Robottests" source="C:\Users\Aliaksei_Veshtart\OneDrive - EPAM\Work\Learn\Data Quality Engineering Mentoring Program (Intermediate Level) 6\05 - Test Automation for Data Quality Engineers - part 1\_tests_\robottests.robot">
<kw name="Connect To Database" library="DatabaseLibrary" type="SETUP">
<arg>pymssql</arg>
<arg>${DBName}</arg>
<arg>${DBUser}</arg>
<arg>${DBPass}</arg>
<arg>${DBHost}</arg>
<arg>${DBPort}</arg>
<doc>Loads the DB API 2.0 module given `dbapiModuleName` then uses it to
connect to the database using `dbName`, `dbUsername`, and `dbPassword`.</doc>
<msg timestamp="20211114 18:10:36.483" level="INFO">Connecting using : pymssql.connect(database=AdventureWorks2019, user=lew, password=1epeSHka, host=127.0.0.1, port=1433) </msg>
<status status="PASS" starttime="20211114 18:10:36.405" endtime="20211114 18:10:36.507"/>
</kw>
<test id="s1-t1" name="Table Must Exist - Address">
<kw name="Table Must Exist" library="DatabaseLibrary">
<arg>Address</arg>
<doc>Check if the table given exists in the database. Set optional input `sansTran` to True to run command without an
explicit transaction commit or rollback.</doc>
<msg timestamp="20211114 18:10:36.715" level="INFO">Executing : Table Must Exist  |  Address </msg>
<msg timestamp="20211114 18:10:36.715" level="INFO">Executing : Row Count  |  SELECT * FROM information_schema.tables WHERE table_name='Address' </msg>
<status status="PASS" starttime="20211114 18:10:36.645" endtime="20211114 18:10:36.717"/>
</kw>
<doc>Checking for the presence of the Address table in the database</doc>
<tag>Address</tag>
<tag>smoke</tag>
<status status="PASS" starttime="20211114 18:10:36.573" endtime="20211114 18:10:36.784"/>
</test>
<test id="s1-t2" name="Verify Query - Check StateProvinceID">
<kw name="Get File" library="OperatingSystem">
<var>${sql_query}</var>
<arg>sql/Person/Address/StateProvinceID.sql</arg>
<doc>Returns the contents of a specified file.</doc>
<msg timestamp="20211114 18:10:36.997" level="INFO" html="true">Getting file '&lt;a href="file://C:\Users\Aliaksei_Veshtart\OneDrive - EPAM\Work\Learn\Data Quality Engineering Mentoring Program (Intermediate Level) 6\05 - Test Automation for Data Quality Engineers - part 1\_tests_\sql\Person\Address\StateProvinceID.sql"&gt;C:\Users\Aliaksei_Veshtart\OneDrive - EPAM\Work\Learn\Data Quality Engineering Mentoring Program (Intermediate Level) 6\05 - Test Automation for Data Quality Engineers - part 1\_tests_\sql\Person\Address\StateProvinceID.sql&lt;/a&gt;'.</msg>
<msg timestamp="20211114 18:10:36.997" level="INFO">${sql_query} = SELECT count(*) AS count
FROM (
	SELECT DISTINCT StateProvinceID
	FROM Person.Address
	EXCEPT
	SELECT DISTINCT StateProvinceID
	FROM Person.StateProvince
	) t;
</msg>
<status status="PASS" starttime="20211114 18:10:36.926" endtime="20211114 18:10:36.997"/>
</kw>
<kw name="Query" library="DatabaseLibrary">
<var>${output}</var>
<arg>${sql_query}</arg>
<doc>Uses the input `selectStatement` to query for the values that will be returned as a list of tuples. Set optional
input `sansTran` to True to run command without an explicit transaction commit or rollback.
Set optional input `returnAsDict` to True to return values as a list of dictionaries.</doc>
<msg timestamp="20211114 18:10:37.350" level="INFO">Executing : Query  |  SELECT count(*) AS count
FROM (
	SELECT DISTINCT StateProvinceID
	FROM Person.Address
	EXCEPT
	SELECT DISTINCT StateProvinceID
	FROM Person.StateProvince
	) t;
 </msg>
<msg timestamp="20211114 18:10:37.355" level="INFO">${output} = [(0,)]</msg>
<status status="PASS" starttime="20211114 18:10:37.066" endtime="20211114 18:10:37.355"/>
</kw>
<kw name="Log" library="BuiltIn">
<arg>${output}</arg>
<doc>Logs the given message with the given level.</doc>
<msg timestamp="20211114 18:10:37.498" level="INFO">[(0,)]</msg>
<status status="PASS" starttime="20211114 18:10:37.428" endtime="20211114 18:10:37.498"/>
</kw>
<kw name="Should Be Equal As Strings" library="BuiltIn">
<arg>${output}</arg>
<arg>[(0,)]</arg>
<doc>Fails if objects are unequal after converting them to strings.</doc>
<msg timestamp="20211114 18:10:37.637" level="INFO">Argument types are:
&lt;class 'list'&gt;
&lt;type 'unicode'&gt;</msg>
<status status="PASS" starttime="20211114 18:10:37.564" endtime="20211114 18:10:37.637"/>
</kw>
<doc>| The test checks if all StateProvinceID key values from the Address table are in the StateProvince table
|
| 1. Load SQL script from file
| 2. Executing the script
| 3. If as a result of the script execution we get 0, then the test is passed</doc>
<tag>Address</tag>
<tag>smoke</tag>
<status status="PASS" starttime="20211114 18:10:36.854" endtime="20211114 18:10:37.770"/>
</test>
<test id="s1-t3" name="Verify Query - column name">
<kw name="Get File" library="OperatingSystem">
<var>${sql_query}</var>
<arg>sql/Person/Address/Measures.sql</arg>
<doc>Returns the contents of a specified file.</doc>
<msg timestamp="20211114 18:10:38.006" level="INFO" html="true">Getting file '&lt;a href="file://C:\Users\Aliaksei_Veshtart\OneDrive - EPAM\Work\Learn\Data Quality Engineering Mentoring Program (Intermediate Level) 6\05 - Test Automation for Data Quality Engineers - part 1\_tests_\sql\Person\Address\Measures.sql"&gt;C:\Users\Aliaksei_Veshtart\OneDrive - EPAM\Work\Learn\Data Quality Engineering Mentoring Program (Intermediate Level) 6\05 - Test Automation for Data Quality Engineers - part 1\_tests_\sql\Person\Address\Measures.sql&lt;/a&gt;'.</msg>
<msg timestamp="20211114 18:10:38.007" level="INFO">${sql_query} = SELECT COLUMN_NAME
	,IS_NULLABLE
	,DATA_TYPE
	,CHARACTER_MAXIMUM_LENGTH
FROM INFORMATION_SCHEMA.COLUMNS
WHERE TABLE_SCHEMA = 'Person'
	AND TABLE_NAME = 'Address'
ORDER BY COLUMN_NAME;
</msg>
<status status="PASS" starttime="20211114 18:10:37.926" endtime="20211114 18:10:38.007"/>
</kw>
<kw name="Query" library="DatabaseLibrary">
<var>${output}</var>
<arg>${sql_query}</arg>
<arg>\</arg>
<arg>True</arg>
<doc>Uses the input `selectStatement` to query for the values that will be returned as a list of tuples. Set optional
input `sansTran` to True to run command without an explicit transaction commit or rollback.
Set optional input `returnAsDict` to True to return values as a list of dictionaries.</doc>
<msg timestamp="20211114 18:10:38.167" level="INFO">Executing : Query  |  SELECT COLUMN_NAME
	,IS_NULLABLE
	,DATA_TYPE
	,CHARACTER_MAXIMUM_LENGTH
FROM INFORMATION_SCHEMA.COLUMNS
WHERE TABLE_SCHEMA = 'Person'
	AND TABLE_NAME = 'Address'
ORDER BY COLUMN_NAME;
 </msg>
<msg timestamp="20211114 18:10:38.170" level="INFO">${output} = [{'COLUMN_NAME': 'AddressID', 'IS_NULLABLE': 'NO', 'DATA_TYPE': 'int', 'CHARACTER_MAXIMUM_LENGTH': None}, {'COLUMN_NAME': 'AddressLine1', 'IS_NULLABLE': 'NO', 'DATA_TYPE': 'nvarchar', 'CHARACTER_MAXIM...</msg>
<status status="PASS" starttime="20211114 18:10:38.079" endtime="20211114 18:10:38.170"/>
</kw>
<kw name="Log" library="BuiltIn">
<arg>${output}</arg>
<doc>Logs the given message with the given level.</doc>
<msg timestamp="20211114 18:10:38.321" level="INFO">[{'COLUMN_NAME': 'AddressID', 'IS_NULLABLE': 'NO', 'DATA_TYPE': 'int', 'CHARACTER_MAXIMUM_LENGTH': None}, {'COLUMN_NAME': 'AddressLine1', 'IS_NULLABLE': 'NO', 'DATA_TYPE': 'nvarchar', 'CHARACTER_MAXIMUM_LENGTH': 60}, {'COLUMN_NAME': 'AddressLine2', 'IS_NULLABLE': 'YES', 'DATA_TYPE': 'nvarchar', 'CHARACTER_MAXIMUM_LENGTH': 60}, {'COLUMN_NAME': 'City', 'IS_NULLABLE': 'NO', 'DATA_TYPE': 'nvarchar', 'CHARACTER_MAXIMUM_LENGTH': 30}, {'COLUMN_NAME': 'ModifiedDate', 'IS_NULLABLE': 'NO', 'DATA_TYPE': 'datetime', 'CHARACTER_MAXIMUM_LENGTH': None}, {'COLUMN_NAME': 'PostalCode', 'IS_NULLABLE': 'NO', 'DATA_TYPE': 'nvarchar', 'CHARACTER_MAXIMUM_LENGTH': 15}, {'COLUMN_NAME': 'rowguid', 'IS_NULLABLE': 'NO', 'DATA_TYPE': 'uniqueidentifier', 'CHARACTER_MAXIMUM_LENGTH': None}, {'COLUMN_NAME': 'SpatialLocation', 'IS_NULLABLE': 'YES', 'DATA_TYPE': 'geography', 'CHARACTER_MAXIMUM_LENGTH': -1}, {'COLUMN_NAME': 'StateProvinceID', 'IS_NULLABLE': 'NO', 'DATA_TYPE': 'int', 'CHARACTER_MAXIMUM_LENGTH': None}]</msg>
<status status="PASS" starttime="20211114 18:10:38.236" endtime="20211114 18:10:38.321"/>
</kw>
<kw name="Should Be Equal As Strings" library="BuiltIn">
<arg>${output[0]}[COLUMN_NAME]</arg>
<arg>AddressID</arg>
<doc>Fails if objects are unequal after converting them to strings.</doc>
<status status="PASS" starttime="20211114 18:10:38.388" endtime="20211114 18:10:38.521"/>
</kw>
<kw name="Should Be Equal As Strings" library="BuiltIn">
<arg>${output[1]}[COLUMN_NAME]</arg>
<arg>AddressLine1</arg>
<doc>Fails if objects are unequal after converting them to strings.</doc>
<status status="PASS" starttime="20211114 18:10:38.599" endtime="20211114 18:10:38.705"/>
</kw>
<kw name="Should Be Equal As Strings" library="BuiltIn">
<arg>${output[2]}[COLUMN_NAME]</arg>
<arg>AddressLine2</arg>
<doc>Fails if objects are unequal after converting them to strings.</doc>
<status status="PASS" starttime="20211114 18:10:38.793" endtime="20211114 18:10:38.863"/>
</kw>
<kw name="Should Be Equal As Strings" library="BuiltIn">
<arg>${output[3]}[COLUMN_NAME]</arg>
<arg>City</arg>
<doc>Fails if objects are unequal after converting them to strings.</doc>
<status status="PASS" starttime="20211114 18:10:38.967" endtime="20211114 18:10:39.045"/>
</kw>
<kw name="Should Be Equal As Strings" library="BuiltIn">
<arg>${output[4]}[COLUMN_NAME]</arg>
<arg>ModifiedDate</arg>
<doc>Fails if objects are unequal after converting them to strings.</doc>
<status status="PASS" starttime="20211114 18:10:39.173" endtime="20211114 18:10:39.244"/>
</kw>
<kw name="Should Be Equal As Strings" library="BuiltIn">
<arg>${output[5]}[COLUMN_NAME]</arg>
<arg>PostalCode</arg>
<doc>Fails if objects are unequal after converting them to strings.</doc>
<status status="PASS" starttime="20211114 18:10:39.371" endtime="20211114 18:10:39.441"/>
</kw>
<kw name="Should Be Equal As Strings" library="BuiltIn">
<arg>${output[6]}[COLUMN_NAME]</arg>
<arg>rowguid</arg>
<doc>Fails if objects are unequal after converting them to strings.</doc>
<status status="PASS" starttime="20211114 18:10:39.566" endtime="20211114 18:10:39.641"/>
</kw>
<kw name="Should Be Equal As Strings" library="BuiltIn">
<arg>${output[7]}[COLUMN_NAME]</arg>
<arg>SpatialLocation</arg>
<doc>Fails if objects are unequal after converting them to strings.</doc>
<status status="PASS" starttime="20211114 18:10:39.708" endtime="20211114 18:10:39.786"/>
</kw>
<kw name="Should Be Equal As Strings" library="BuiltIn">
<arg>${output[8]}[COLUMN_NAME]</arg>
<arg>StateProvinceID</arg>
<doc>Fails if objects are unequal after converting them to strings.</doc>
<status status="PASS" starttime="20211114 18:10:39.880" endtime="20211114 18:10:39.951"/>
</kw>
<doc>| Checking for columns in the Address table
|
| 1. Load SQL script from file
| 2. Executing the script
| 3. We write the result to the list $ {output} and check it</doc>
<tag>Address</tag>
<tag>smoke</tag>
<status status="PASS" starttime="20211114 18:10:37.856" endtime="20211114 18:10:40.020"/>
</test>
<test id="s1-t4" name="Table Must Exist - Document">
<kw name="Table Must Exist" library="DatabaseLibrary">
<arg>Document</arg>
<doc>Check if the table given exists in the database. Set optional input `sansTran` to True to run command without an
explicit transaction commit or rollback.</doc>
<msg timestamp="20211114 18:10:40.261" level="INFO">Executing : Table Must Exist  |  Document </msg>
<msg timestamp="20211114 18:10:40.261" level="INFO">Executing : Row Count  |  SELECT * FROM information_schema.tables WHERE table_name='Document' </msg>
<status status="PASS" starttime="20211114 18:10:40.191" endtime="20211114 18:10:40.263"/>
</kw>
<doc>Checking for the presence of the Document table in the database</doc>
<tag>Document</tag>
<tag>smoke</tag>
<status status="PASS" starttime="20211114 18:10:40.101" endtime="20211114 18:10:40.330"/>
</test>
<test id="s1-t5" name="Verify Query - Folder flag">
<kw name="Get File" library="OperatingSystem">
<var>${sql_query}</var>
<arg>sql/Production/Document/FileExtension_FolderFlag.sql</arg>
<doc>Returns the contents of a specified file.</doc>
<msg timestamp="20211114 18:10:40.862" level="INFO" html="true">Getting file '&lt;a href="file://C:\Users\Aliaksei_Veshtart\OneDrive - EPAM\Work\Learn\Data Quality Engineering Mentoring Program (Intermediate Level) 6\05 - Test Automation for Data Quality Engineers - part 1\_tests_\sql\Production\Document\FileExtension_FolderFlag.sql"&gt;C:\Users\Aliaksei_Veshtart\OneDrive - EPAM\Work\Learn\Data Quality Engineering Mentoring Program (Intermediate Level) 6\05 - Test Automation for Data Quality Engineers - part 1\_tests_\sql\Production\Document\FileExtension_FolderFlag.sql&lt;/a&gt;'.</msg>
<msg timestamp="20211114 18:10:40.865" level="INFO">${sql_query} = SELECT sum(Extention_result) AS Ext_res
	,sum(FolderFlag_result) AS Fold_res
FROM (
	SELECT FolderFlag
		,FileName
		,FileExtension
		,Extension
		,CASE
			WHEN FileExtension LIKE Extension
				THEN 0...</msg>
<status status="PASS" starttime="20211114 18:10:40.504" endtime="20211114 18:10:40.866"/>
</kw>
<kw name="Query" library="DatabaseLibrary">
<var>${output}</var>
<arg>${sql_query}</arg>
<arg>\</arg>
<arg>True</arg>
<doc>Uses the input `selectStatement` to query for the values that will be returned as a list of tuples. Set optional
input `sansTran` to True to run command without an explicit transaction commit or rollback.
Set optional input `returnAsDict` to True to return values as a list of dictionaries.</doc>
<msg timestamp="20211114 18:10:41.013" level="INFO">Executing : Query  |  SELECT sum(Extention_result) AS Ext_res
	,sum(FolderFlag_result) AS Fold_res
FROM (
	SELECT FolderFlag
		,FileName
		,FileExtension
		,Extension
		,CASE
			WHEN FileExtension LIKE Extension
				THEN 0
			ELSE 1
			END AS Extention_result
		,CASE
			WHEN FolderFlag = FolderTestFlag
				THEN 0
			ELSE 1
			END AS FolderFlag_result
	FROM (
		SELECT FolderFlag
			,FileName
			,FileExtension
			,CASE
				WHEN FileName LIKE '%.%'
					THEN reverse(left(reverse(FileName), charindex('.', reverse(FileName))))
				ELSE ''
				END AS Extension
			,CASE
				WHEN FileExtension = ''
					THEN 1
				ELSE 0
				END AS FolderTestFlag
		FROM Production.Document
		) t
	) t1;
 </msg>
<msg timestamp="20211114 18:10:41.016" level="INFO">${output} = [{'Ext_res': 0, 'Fold_res': 0}]</msg>
<status status="PASS" starttime="20211114 18:10:40.938" endtime="20211114 18:10:41.179"/>
</kw>
<kw name="Log" library="BuiltIn">
<arg>${output}</arg>
<doc>Logs the given message with the given level.</doc>
<msg timestamp="20211114 18:10:41.325" level="INFO">[{'Ext_res': 0, 'Fold_res': 0}]</msg>
<status status="PASS" starttime="20211114 18:10:41.256" endtime="20211114 18:10:41.325"/>
</kw>
<kw name="Should Be Equal As Strings" library="BuiltIn">
<arg>${output[0]}[Fold_res]</arg>
<arg>0</arg>
<doc>Fails if objects are unequal after converting them to strings.</doc>
<msg timestamp="20211114 18:10:41.468" level="INFO">Argument types are:
&lt;class 'int'&gt;
&lt;type 'unicode'&gt;</msg>
<status status="PASS" starttime="20211114 18:10:41.395" endtime="20211114 18:10:41.469"/>
</kw>
<doc>| Testing if the FolderFlag column is well formed.
|
| 1. Load SQL script from file
| 2. Executing the script
| 3. If as a result of the script execution we get 0, then the test is passed</doc>
<tag>Document</tag>
<tag>smoke</tag>
<status status="PASS" starttime="20211114 18:10:40.427" endtime="20211114 18:10:41.548"/>
</test>
<test id="s1-t6" name="Verify Query - File extention">
<kw name="Get File" library="OperatingSystem">
<var>${sql_query}</var>
<arg>sql/Production/Document/FileExtension_FolderFlag.sql</arg>
<doc>Returns the contents of a specified file.</doc>
<msg timestamp="20211114 18:10:42.065" level="INFO" html="true">Getting file '&lt;a href="file://C:\Users\Aliaksei_Veshtart\OneDrive - EPAM\Work\Learn\Data Quality Engineering Mentoring Program (Intermediate Level) 6\05 - Test Automation for Data Quality Engineers - part 1\_tests_\sql\Production\Document\FileExtension_FolderFlag.sql"&gt;C:\Users\Aliaksei_Veshtart\OneDrive - EPAM\Work\Learn\Data Quality Engineering Mentoring Program (Intermediate Level) 6\05 - Test Automation for Data Quality Engineers - part 1\_tests_\sql\Production\Document\FileExtension_FolderFlag.sql&lt;/a&gt;'.</msg>
<msg timestamp="20211114 18:10:42.066" level="INFO">${sql_query} = SELECT sum(Extention_result) AS Ext_res
	,sum(FolderFlag_result) AS Fold_res
FROM (
	SELECT FolderFlag
		,FileName
		,FileExtension
		,Extension
		,CASE
			WHEN FileExtension LIKE Extension
				THEN 0...</msg>
<status status="PASS" starttime="20211114 18:10:41.989" endtime="20211114 18:10:42.066"/>
</kw>
<kw name="Query" library="DatabaseLibrary">
<var>${output}</var>
<arg>${sql_query}</arg>
<arg>\</arg>
<arg>True</arg>
<doc>Uses the input `selectStatement` to query for the values that will be returned as a list of tuples. Set optional
input `sansTran` to True to run command without an explicit transaction commit or rollback.
Set optional input `returnAsDict` to True to return values as a list of dictionaries.</doc>
<msg timestamp="20211114 18:10:42.241" level="INFO">Executing : Query  |  SELECT sum(Extention_result) AS Ext_res
	,sum(FolderFlag_result) AS Fold_res
FROM (
	SELECT FolderFlag
		,FileName
		,FileExtension
		,Extension
		,CASE
			WHEN FileExtension LIKE Extension
				THEN 0
			ELSE 1
			END AS Extention_result
		,CASE
			WHEN FolderFlag = FolderTestFlag
				THEN 0
			ELSE 1
			END AS FolderFlag_result
	FROM (
		SELECT FolderFlag
			,FileName
			,FileExtension
			,CASE
				WHEN FileName LIKE '%.%'
					THEN reverse(left(reverse(FileName), charindex('.', reverse(FileName))))
				ELSE ''
				END AS Extension
			,CASE
				WHEN FileExtension = ''
					THEN 1
				ELSE 0
				END AS FolderTestFlag
		FROM Production.Document
		) t
	) t1;
 </msg>
<msg timestamp="20211114 18:10:42.243" level="INFO">${output} = [{'Ext_res': 0, 'Fold_res': 0}]</msg>
<status status="PASS" starttime="20211114 18:10:42.161" endtime="20211114 18:10:42.244"/>
</kw>
<kw name="Log" library="BuiltIn">
<arg>${output}</arg>
<doc>Logs the given message with the given level.</doc>
<msg timestamp="20211114 18:10:42.383" level="INFO">[{'Ext_res': 0, 'Fold_res': 0}]</msg>
<status status="PASS" starttime="20211114 18:10:42.314" endtime="20211114 18:10:42.384"/>
</kw>
<kw name="Should Be Equal As Strings" library="BuiltIn">
<arg>${output[0]}[Ext_res]</arg>
<arg>0</arg>
<doc>Fails if objects are unequal after converting them to strings.</doc>
<msg timestamp="20211114 18:10:42.521" level="INFO">Argument types are:
&lt;class 'int'&gt;
&lt;type 'unicode'&gt;</msg>
<status status="PASS" starttime="20211114 18:10:42.452" endtime="20211114 18:10:42.521"/>
</kw>
<doc>| Testing if the FileExtension column is well formed.
|
| 1. Load SQL script from file
| 2. Executing the script
| 3. If as a result of the script execution we get 0, then the test is passed</doc>
<tag>Document</tag>
<tag>smoke</tag>
<status status="PASS" starttime="20211114 18:10:41.917" endtime="20211114 18:10:42.616"/>
</test>
<test id="s1-t7" name="Table Must Exist - UnitMeasure">
<kw name="Table Must Exist" library="DatabaseLibrary">
<arg>UnitMeasure</arg>
<doc>Check if the table given exists in the database. Set optional input `sansTran` to True to run command without an
explicit transaction commit or rollback.</doc>
<msg timestamp="20211114 18:10:42.858" level="INFO">Executing : Table Must Exist  |  UnitMeasure </msg>
<msg timestamp="20211114 18:10:42.858" level="INFO">Executing : Row Count  |  SELECT * FROM information_schema.tables WHERE table_name='UnitMeasure' </msg>
<status status="PASS" starttime="20211114 18:10:42.758" endtime="20211114 18:10:42.864"/>
</kw>
<doc>Checking for the presence of the UnitMeasure table in the database</doc>
<tag>smoke</tag>
<tag>UnitMeasure</tag>
<status status="PASS" starttime="20211114 18:10:42.687" endtime="20211114 18:10:42.932"/>
</test>
<test id="s1-t8" name="Verify Query - Check full duplicates in UnitMeasure">
<kw name="Get File" library="OperatingSystem">
<var>${sql_query}</var>
<arg>sql/Production/UnitMeasure/duplicates.sql</arg>
<doc>Returns the contents of a specified file.</doc>
<msg timestamp="20211114 18:10:43.154" level="INFO" html="true">Getting file '&lt;a href="file://C:\Users\Aliaksei_Veshtart\OneDrive - EPAM\Work\Learn\Data Quality Engineering Mentoring Program (Intermediate Level) 6\05 - Test Automation for Data Quality Engineers - part 1\_tests_\sql\Production\UnitMeasure\duplicates.sql"&gt;C:\Users\Aliaksei_Veshtart\OneDrive - EPAM\Work\Learn\Data Quality Engineering Mentoring Program (Intermediate Level) 6\05 - Test Automation for Data Quality Engineers - part 1\_tests_\sql\Production\UnitMeasure\duplicates.sql&lt;/a&gt;'.</msg>
<msg timestamp="20211114 18:10:43.155" level="INFO">${sql_query} = SELECT count(*) AS count
FROM (
	SELECT UnitMeasureCode
		,Name
		,count(*) AS count
	FROM Production.UnitMeasure
	GROUP BY UnitMeasureCode
		,Name
	HAVING count(*) &gt; 1
	) t;
</msg>
<status status="PASS" starttime="20211114 18:10:43.083" endtime="20211114 18:10:43.155"/>
</kw>
<kw name="Query" library="DatabaseLibrary">
<var>${output}</var>
<arg>${sql_query}</arg>
<doc>Uses the input `selectStatement` to query for the values that will be returned as a list of tuples. Set optional
input `sansTran` to True to run command without an explicit transaction commit or rollback.
Set optional input `returnAsDict` to True to return values as a list of dictionaries.</doc>
<msg timestamp="20211114 18:10:43.296" level="INFO">Executing : Query  |  SELECT count(*) AS count
FROM (
	SELECT UnitMeasureCode
		,Name
		,count(*) AS count
	FROM Production.UnitMeasure
	GROUP BY UnitMeasureCode
		,Name
	HAVING count(*) &gt; 1
	) t;
 </msg>
<msg timestamp="20211114 18:10:43.299" level="INFO">${output} = [(0,)]</msg>
<status status="PASS" starttime="20211114 18:10:43.226" endtime="20211114 18:10:43.299"/>
</kw>
<kw name="Log" library="BuiltIn">
<arg>${output}</arg>
<doc>Logs the given message with the given level.</doc>
<msg timestamp="20211114 18:10:43.444" level="INFO">[(0,)]</msg>
<status status="PASS" starttime="20211114 18:10:43.372" endtime="20211114 18:10:43.444"/>
</kw>
<kw name="Should Be Equal As Strings" library="BuiltIn">
<arg>${output}</arg>
<arg>[(0,)]</arg>
<doc>Fails if objects are unequal after converting them to strings.</doc>
<msg timestamp="20211114 18:10:43.599" level="INFO">Argument types are:
&lt;class 'list'&gt;
&lt;type 'unicode'&gt;</msg>
<status status="PASS" starttime="20211114 18:10:43.516" endtime="20211114 18:10:43.599"/>
</kw>
<doc>| Checking the table for duplicates
|
| 1. Load SQL script from file
| 2. Executing the script
| 3. If as a result of the script execution we get 0, then the test is passed</doc>
<tag>smoke</tag>
<tag>UnitMeasure</tag>
<status status="PASS" starttime="20211114 18:10:43.006" endtime="20211114 18:10:43.667"/>
</test>
<test id="s1-t9" name="Insert NULL Into UnitMeasureCode in UnitMeasure Table">
<kw name="Get File" library="OperatingSystem">
<var>${sql_query}</var>
<arg>sql/Production/UnitMeasure/null_Code.sql</arg>
<doc>Returns the contents of a specified file.</doc>
<msg timestamp="20211114 18:10:43.882" level="INFO" html="true">Getting file '&lt;a href="file://C:\Users\Aliaksei_Veshtart\OneDrive - EPAM\Work\Learn\Data Quality Engineering Mentoring Program (Intermediate Level) 6\05 - Test Automation for Data Quality Engineers - part 1\_tests_\sql\Production\UnitMeasure\null_Code.sql"&gt;C:\Users\Aliaksei_Veshtart\OneDrive - EPAM\Work\Learn\Data Quality Engineering Mentoring Program (Intermediate Level) 6\05 - Test Automation for Data Quality Engineers - part 1\_tests_\sql\Production\UnitMeasure\null_Code.sql&lt;/a&gt;'.</msg>
<msg timestamp="20211114 18:10:43.884" level="INFO">${sql_query} = INSERT INTO Production.UnitMeasure (UnitMeasureCode)
VALUES (NULL);
</msg>
<status status="PASS" starttime="20211114 18:10:43.811" endtime="20211114 18:10:43.884"/>
</kw>
<kw name="Run Keyword And Expect Error" library="BuiltIn">
<var>${err_msg}</var>
<arg>*</arg>
<arg>Execute SQL String</arg>
<arg>${sql_query}</arg>
<doc>Runs the keyword and checks that the expected error occurred.</doc>
<kw name="Execute Sql String" library="DatabaseLibrary">
<arg>${sql_query}</arg>
<doc>Executes the sqlString as SQL commands. Useful to pass arguments to your sql. Set optional input `sansTran` to
True to run command without an explicit transaction commit or rollback.</doc>
<msg timestamp="20211114 18:10:44.118" level="INFO">Executing : Execute SQL String  |  INSERT INTO Production.UnitMeasure (UnitMeasureCode)
VALUES (NULL);
 </msg>
<msg timestamp="20211114 18:10:44.121" level="FAIL">IntegrityError: (515, b"Cannot insert the value NULL into column 'UnitMeasureCode', table 'AdventureWorks2019.Production.UnitMeasure'; column does not allow nulls. INSERT fails.DB-Lib error message 20018, severity 16:\nGeneral SQL Server error: Check messages from the SQL Server\n")</msg>
<status status="FAIL" starttime="20211114 18:10:44.044" endtime="20211114 18:10:44.269"/>
</kw>
<msg timestamp="20211114 18:10:44.337" level="INFO">${err_msg} = IntegrityError: (515, b"Cannot insert the value NULL into column 'UnitMeasureCode', table 'AdventureWorks2019.Production.UnitMeasure'; column does not allow nulls. INSERT fails.DB-Lib error message 20...</msg>
<status status="PASS" starttime="20211114 18:10:43.974" endtime="20211114 18:10:44.337"/>
</kw>
<kw name="Log" library="BuiltIn">
<arg>${err_msg}</arg>
<doc>Logs the given message with the given level.</doc>
<msg timestamp="20211114 18:10:44.477" level="INFO">IntegrityError: (515, b"Cannot insert the value NULL into column 'UnitMeasureCode', table 'AdventureWorks2019.Production.UnitMeasure'; column does not allow nulls. INSERT fails.DB-Lib error message 20018, severity 16:\nGeneral SQL Server error: Check messages from the SQL Server\n")</msg>
<status status="PASS" starttime="20211114 18:10:44.404" endtime="20211114 18:10:44.477"/>
</kw>
<kw name="Should Not Be Empty" library="BuiltIn">
<arg>${err_msg}</arg>
<doc>Verifies that the given item is not empty.</doc>
<msg timestamp="20211114 18:10:44.624" level="INFO">Length is 283</msg>
<status status="PASS" starttime="20211114 18:10:44.552" endtime="20211114 18:10:44.624"/>
</kw>
<doc>| We are trying to insert a NULL value into the UnitMeasure table into the UnitMeasureCode column
|
| 1. Load SQL script from file
| 2. Executing the script
| 3. If the script is executed with an error, then the test passed and we cannot insert NULL</doc>
<tag>smoke</tag>
<tag>UnitMeasure</tag>
<status status="PASS" starttime="20211114 18:10:43.738" endtime="20211114 18:10:44.960"/>
</test>
<test id="s1-t10" name="Insert NULL Into Name in UnitMeasure Table">
<kw name="Get File" library="OperatingSystem">
<var>${sql_query}</var>
<arg>sql/Production/UnitMeasure/null_Name.sql</arg>
<doc>Returns the contents of a specified file.</doc>
<msg timestamp="20211114 18:10:45.189" level="INFO" html="true">Getting file '&lt;a href="file://C:\Users\Aliaksei_Veshtart\OneDrive - EPAM\Work\Learn\Data Quality Engineering Mentoring Program (Intermediate Level) 6\05 - Test Automation for Data Quality Engineers - part 1\_tests_\sql\Production\UnitMeasure\null_Name.sql"&gt;C:\Users\Aliaksei_Veshtart\OneDrive - EPAM\Work\Learn\Data Quality Engineering Mentoring Program (Intermediate Level) 6\05 - Test Automation for Data Quality Engineers - part 1\_tests_\sql\Production\UnitMeasure\null_Name.sql&lt;/a&gt;'.</msg>
<msg timestamp="20211114 18:10:45.192" level="INFO">${sql_query} = INSERT INTO Production.UnitMeasure (Name)
VALUES (NULL);
</msg>
<status status="PASS" starttime="20211114 18:10:45.118" endtime="20211114 18:10:45.193"/>
</kw>
<kw name="Run Keyword And Expect Error" library="BuiltIn">
<var>${err_msg}</var>
<arg>*</arg>
<arg>Execute SQL String</arg>
<arg>${sql_query}</arg>
<doc>Runs the keyword and checks that the expected error occurred.</doc>
<kw name="Execute Sql String" library="DatabaseLibrary">
<arg>${sql_query}</arg>
<doc>Executes the sqlString as SQL commands. Useful to pass arguments to your sql. Set optional input `sansTran` to
True to run command without an explicit transaction commit or rollback.</doc>
<msg timestamp="20211114 18:10:45.560" level="INFO">Executing : Execute SQL String  |  INSERT INTO Production.UnitMeasure (Name)
VALUES (NULL);
 </msg>
<msg timestamp="20211114 18:10:45.563" level="FAIL">IntegrityError: (515, b"Cannot insert the value NULL into column 'Name', table 'AdventureWorks2019.Production.UnitMeasure'; column does not allow nulls. INSERT fails.DB-Lib error message 20018, severity 16:\nGeneral SQL Server error: Check messages from the SQL Server\n")</msg>
<status status="FAIL" starttime="20211114 18:10:45.332" endtime="20211114 18:10:45.563"/>
</kw>
<msg timestamp="20211114 18:10:45.632" level="INFO">${err_msg} = IntegrityError: (515, b"Cannot insert the value NULL into column 'Name', table 'AdventureWorks2019.Production.UnitMeasure'; column does not allow nulls. INSERT fails.DB-Lib error message 20018, severi...</msg>
<status status="PASS" starttime="20211114 18:10:45.263" endtime="20211114 18:10:45.632"/>
</kw>
<kw name="Log" library="BuiltIn">
<arg>${err_msg}</arg>
<doc>Logs the given message with the given level.</doc>
<msg timestamp="20211114 18:10:46.066" level="INFO">IntegrityError: (515, b"Cannot insert the value NULL into column 'Name', table 'AdventureWorks2019.Production.UnitMeasure'; column does not allow nulls. INSERT fails.DB-Lib error message 20018, severity 16:\nGeneral SQL Server error: Check messages from the SQL Server\n")</msg>
<status status="PASS" starttime="20211114 18:10:45.700" endtime="20211114 18:10:46.066"/>
</kw>
<kw name="Should Not Be Empty" library="BuiltIn">
<arg>${err_msg}</arg>
<doc>Verifies that the given item is not empty.</doc>
<msg timestamp="20211114 18:10:46.218" level="INFO">Length is 272</msg>
<status status="PASS" starttime="20211114 18:10:46.140" endtime="20211114 18:10:46.218"/>
</kw>
<doc>| We are trying to insert a NULL value into the UnitMeasure table into the Name column
|
| 1. Load SQL script from file
| 2. Executing the script
| 3. If the script is executed with an error, then the test passed and we cannot insert NULL</doc>
<tag>smoke</tag>
<tag>UnitMeasure</tag>
<status status="PASS" starttime="20211114 18:10:45.042" endtime="20211114 18:10:46.290"/>
</test>
<kw name="Disconnect From Database" library="DatabaseLibrary" type="TEARDOWN">
<doc>Disconnects from the database.</doc>
<msg timestamp="20211114 18:10:46.466" level="INFO">Executing : Disconnect From Database</msg>
<status status="PASS" starttime="20211114 18:10:46.394" endtime="20211114 18:10:46.467"/>
</kw>
<doc>Robot resources and variables for all tests</doc>
<status status="PASS" starttime="20211114 18:10:35.875" endtime="20211114 18:10:46.534"/>
</suite>
<statistics>
<total>
<stat pass="10" fail="0" skip="0">All Tests</stat>
</total>
<tag>
<stat pass="3" fail="0" skip="0">Address</stat>
<stat pass="3" fail="0" skip="0">Document</stat>
<stat pass="10" fail="0" skip="0">smoke</stat>
<stat pass="4" fail="0" skip="0">UnitMeasure</stat>
</tag>
<suite>
<stat pass="10" fail="0" skip="0" id="s1" name="Robottests">Robottests</stat>
</suite>
</statistics>
<errors>
</errors>
</robot>
